  Using 'git status' to determine working set for adaptive non-unity build (C:\Users\JIHOONKIM\Documents\unity\Unreal_BatteryCollector).
  Building Battery_CollectorEditor...
  Using Visual Studio 2019 14.28.29914 toolchain (C:\Program Files (x86)\Microsoft Visual Studio\2019\Community\VC\Tools\MSVC\14.28.29910) and Windows 10.0.16299.0 SDK (C:\Program Files (x86)\Windows Kits\10).
  Distributing 4 actions to XGE
  --------------------Build System Warning---------------------------------------
  License is invalid:
      License information is invalid. Please try reloading your license file using the Coordinator Monitor application on the Coordinator machine, or reinstall IncrediBuild.
      This build will run in standalone mode.
  
  -------------------------------------------------------------------------------
  --------------------Project: Default-------------------------------------------
  Battery_CollectorGameMode.cpp (0:10.81 at +0:00)
  UE4Editor-Battery_Collector.dll (0:01.07 at +0:10)
     C:\Users\JIHOONKIM\Documents\unity\Unreal_BatteryCollector\Battery_Collector\Intermediate\Build\Win64\UE4Editor\Development\Battery_Collector\UE4Editor-Battery_Collector.suppressed.lib 라이브러리 및 C:\Users\JIHOONKIM\Documents\unity\Unreal_BatteryCollector\Battery_Collector\Intermediate\Build\Win64\UE4Editor\Development\Battery_Collector\UE4Editor-Battery_Collector.suppressed.exp 개체를 생성하고 있습니다.
  UE4Editor-Battery_Collector.lib (0:00.10 at +0:11)
     C:\Users\JIHOONKIM\Documents\unity\Unreal_BatteryCollector\Battery_Collector\Intermediate\Build\Win64\UE4Editor\Development\Battery_Collector\UE4Editor-Battery_Collector.lib 라이브러리 및 C:\Users\JIHOONKIM\Documents\unity\Unreal_BatteryCollector\Battery_Collector\Intermediate\Build\Win64\UE4Editor\Development\Battery_Collector\UE4Editor-Battery_Collector.exp 개체를 생성하고 있습니다.
  Battery_CollectorEditor.target (0:00.42 at +0:12)
  ---------------------- Done ----------------------
  
      Rebuild All: 1 succeeded, 0 failed, 0 skipped
  
  1 build system warning(s):
     - License is invalid
  
  Total time in XGE executor: 12.71 seconds
  Total execution time: 13.21 seconds
